2024-10-30 12:36:56,446 root         WARNING  GET http://localhost:8000/api/docs: 200 [(b'content-length', b'939'), (b'content-type', b'text/html; charset=utf-8'), (b'x-process-time', b'0.0')] 
2024-10-30 12:36:56,908 root         WARNING  GET http://localhost:8000/openapi.json: 200 [(b'content-length', b'27156'), (b'content-type', b'application/json'), (b'x-process-time', b'0.07968544960021973')] 
2024-10-30 12:36:56,908 root         WARNING  GET http://localhost:8000/openapi.json: 200 [(b'content-length', b'27156'), (b'content-type', b'application/json'), (b'x-process-time', b'0.07968544960021973')] 
2024-10-30 13:00:28,080 root         WARNING  GET http://localhost:8000/api/docs: 200 [(b'content-length', b'939'), (b'content-type', b'text/html; charset=utf-8'), (b'x-process-time', b'0.0')] 
2024-10-30 13:00:28,405 root         WARNING  GET http://localhost:8000/openapi.json: 200 [(b'content-length', b'27156'), (b'content-type', b'application/json'), (b'x-process-time', b'0.11534285545349121')] 
2024-10-30 13:00:28,405 root         WARNING  GET http://localhost:8000/openapi.json: 200 [(b'content-length', b'27156'), (b'content-type', b'application/json'), (b'x-process-time', b'0.11534285545349121')] 
2024-10-30 13:04:01,926 root         WARNING  GET http://localhost:8000/api/logs/: 200 [(b'content-length', b'2426'), (b'content-type', b'application/json'), (b'x-process-time', b'0.02201080322265625')] 
2024-10-30 13:04:01,926 root         WARNING  GET http://localhost:8000/api/logs/: 200 [(b'content-length', b'2426'), (b'content-type', b'application/json'), (b'x-process-time', b'0.02201080322265625')] 
2024-10-30 13:04:01,926 root         WARNING  GET http://localhost:8000/api/logs/: 200 [(b'content-length', b'2426'), (b'content-type', b'application/json'), (b'x-process-time', b'0.02201080322265625')] 
2024-10-30 13:04:17,645 root         WARNING  GET http://localhost:8000/api/logs/io: 200 [(b'content-length', b'1843'), (b'content-type', b'application/json'), (b'x-process-time', b'0.019216299057006836')] 
2024-10-30 13:04:17,645 root         WARNING  GET http://localhost:8000/api/logs/io: 200 [(b'content-length', b'1843'), (b'content-type', b'application/json'), (b'x-process-time', b'0.019216299057006836')] 
2024-10-30 13:04:17,645 root         WARNING  GET http://localhost:8000/api/logs/io: 200 [(b'content-length', b'1843'), (b'content-type', b'application/json'), (b'x-process-time', b'0.019216299057006836')] 
2024-10-30 13:04:17,645 root         WARNING  GET http://localhost:8000/api/logs/io: 200 [(b'content-length', b'1843'), (b'content-type', b'application/json'), (b'x-process-time', b'0.019216299057006836')] 
2024-11-11 17:15:12,707 root         WARNING  GET http://localhost:8000/: 200 [(b'content-length', b'29'), (b'content-type', b'application/json'), (b'x-process-time', b'0.004996299743652344')] 
2024-11-11 17:15:12,803 root         WARNING  GET http://localhost:8000/favicon.ico: 404 [(b'content-length', b'22'), (b'content-type', b'application/json'), (b'x-process-time', b'0.0010023117065429688')] 
2024-11-11 17:15:12,803 root         WARNING  GET http://localhost:8000/favicon.ico: 404 [(b'content-length', b'22'), (b'content-type', b'application/json'), (b'x-process-time', b'0.0010023117065429688')] 
2024-11-11 17:15:22,499 root         WARNING  GET http://localhost:8000/api/docs: 200 [(b'content-length', b'939'), (b'content-type', b'text/html; charset=utf-8'), (b'x-process-time', b'0.0')] 
2024-11-11 17:15:22,499 root         WARNING  GET http://localhost:8000/api/docs: 200 [(b'content-length', b'939'), (b'content-type', b'text/html; charset=utf-8'), (b'x-process-time', b'0.0')] 
2024-11-11 17:15:22,499 root         WARNING  GET http://localhost:8000/api/docs: 200 [(b'content-length', b'939'), (b'content-type', b'text/html; charset=utf-8'), (b'x-process-time', b'0.0')] 
2024-11-11 17:15:22,751 root         WARNING  GET http://localhost:8000/openapi.json: 200 [(b'content-length', b'27156'), (b'content-type', b'application/json'), (b'x-process-time', b'0.09742045402526855')] 
2024-11-11 17:15:22,751 root         WARNING  GET http://localhost:8000/openapi.json: 200 [(b'content-length', b'27156'), (b'content-type', b'application/json'), (b'x-process-time', b'0.09742045402526855')] 
2024-11-11 17:15:22,751 root         WARNING  GET http://localhost:8000/openapi.json: 200 [(b'content-length', b'27156'), (b'content-type', b'application/json'), (b'x-process-time', b'0.09742045402526855')] 
2024-11-11 17:15:22,751 root         WARNING  GET http://localhost:8000/openapi.json: 200 [(b'content-length', b'27156'), (b'content-type', b'application/json'), (b'x-process-time', b'0.09742045402526855')] 
2024-11-11 17:23:43,377 root         WARNING  GET http://localhost:8000/api/docs: 200 [(b'content-length', b'939'), (b'content-type', b'text/html; charset=utf-8'), (b'x-process-time', b'0.0')] 
2024-11-11 17:23:43,584 root         WARNING  GET http://localhost:8000/openapi.json: 200 [(b'content-length', b'27156'), (b'content-type', b'application/json'), (b'x-process-time', b'0.07091808319091797')] 
2024-11-11 17:23:43,584 root         WARNING  GET http://localhost:8000/openapi.json: 200 [(b'content-length', b'27156'), (b'content-type', b'application/json'), (b'x-process-time', b'0.07091808319091797')] 
2024-11-11 17:56:10,301 root         WARNING  GET http://localhost:8000/api/docs: 200 [(b'content-length', b'939'), (b'content-type', b'text/html; charset=utf-8'), (b'x-process-time', b'0.0')] 
2024-11-11 17:56:10,659 root         WARNING  GET http://localhost:8000/openapi.json: 200 [(b'content-length', b'27156'), (b'content-type', b'application/json'), (b'x-process-time', b'0.051428794860839844')] 
2024-11-11 17:56:10,659 root         WARNING  GET http://localhost:8000/openapi.json: 200 [(b'content-length', b'27156'), (b'content-type', b'application/json'), (b'x-process-time', b'0.051428794860839844')] 
2024-11-11 18:45:34,222 root         WARNING  GET http://localhost:8000/api/docs: 200 [(b'content-length', b'939'), (b'content-type', b'text/html; charset=utf-8'), (b'x-process-time', b'0.0')] 
2024-11-11 18:45:34,603 root         WARNING  GET http://localhost:8000/openapi.json: 200 [(b'content-length', b'27156'), (b'content-type', b'application/json'), (b'x-process-time', b'0.08124542236328125')] 
2024-11-11 18:45:34,603 root         WARNING  GET http://localhost:8000/openapi.json: 200 [(b'content-length', b'27156'), (b'content-type', b'application/json'), (b'x-process-time', b'0.08124542236328125')] 
2024-11-11 18:45:44,087 root         WARNING  GET http://localhost:8000/api/docs: 200 [(b'content-length', b'939'), (b'content-type', b'text/html; charset=utf-8'), (b'x-process-time', b'0.0')] 
2024-11-11 18:45:44,087 root         WARNING  GET http://localhost:8000/api/docs: 200 [(b'content-length', b'939'), (b'content-type', b'text/html; charset=utf-8'), (b'x-process-time', b'0.0')] 
2024-11-11 18:45:44,087 root         WARNING  GET http://localhost:8000/api/docs: 200 [(b'content-length', b'939'), (b'content-type', b'text/html; charset=utf-8'), (b'x-process-time', b'0.0')] 
2024-11-11 18:45:44,172 root         WARNING  GET http://localhost:8000/openapi.json: 200 [(b'content-length', b'27156'), (b'content-type', b'application/json'), (b'x-process-time', b'0.0')] 
2024-11-11 18:45:44,172 root         WARNING  GET http://localhost:8000/openapi.json: 200 [(b'content-length', b'27156'), (b'content-type', b'application/json'), (b'x-process-time', b'0.0')] 
2024-11-11 18:45:44,172 root         WARNING  GET http://localhost:8000/openapi.json: 200 [(b'content-length', b'27156'), (b'content-type', b'application/json'), (b'x-process-time', b'0.0')] 
2024-11-11 18:45:44,172 root         WARNING  GET http://localhost:8000/openapi.json: 200 [(b'content-length', b'27156'), (b'content-type', b'application/json'), (b'x-process-time', b'0.0')] 
2024-11-11 18:45:45,007 root         WARNING  GET http://localhost:8000/api/docs: 200 [(b'content-length', b'939'), (b'content-type', b'text/html; charset=utf-8'), (b'x-process-time', b'0.0008058547973632812')] 
2024-11-11 18:45:45,007 root         WARNING  GET http://localhost:8000/api/docs: 200 [(b'content-length', b'939'), (b'content-type', b'text/html; charset=utf-8'), (b'x-process-time', b'0.0008058547973632812')] 
2024-11-11 18:45:45,007 root         WARNING  GET http://localhost:8000/api/docs: 200 [(b'content-length', b'939'), (b'content-type', b'text/html; charset=utf-8'), (b'x-process-time', b'0.0008058547973632812')] 
2024-11-11 18:45:45,007 root         WARNING  GET http://localhost:8000/api/docs: 200 [(b'content-length', b'939'), (b'content-type', b'text/html; charset=utf-8'), (b'x-process-time', b'0.0008058547973632812')] 
2024-11-11 18:45:45,007 root         WARNING  GET http://localhost:8000/api/docs: 200 [(b'content-length', b'939'), (b'content-type', b'text/html; charset=utf-8'), (b'x-process-time', b'0.0008058547973632812')] 
2024-11-11 18:45:45,070 root         WARNING  GET http://localhost:8000/openapi.json: 200 [(b'content-length', b'27156'), (b'content-type', b'application/json'), (b'x-process-time', b'0.0012602806091308594')] 
2024-11-11 18:45:45,070 root         WARNING  GET http://localhost:8000/openapi.json: 200 [(b'content-length', b'27156'), (b'content-type', b'application/json'), (b'x-process-time', b'0.0012602806091308594')] 
2024-11-11 18:45:45,070 root         WARNING  GET http://localhost:8000/openapi.json: 200 [(b'content-length', b'27156'), (b'content-type', b'application/json'), (b'x-process-time', b'0.0012602806091308594')] 
2024-11-11 18:45:45,070 root         WARNING  GET http://localhost:8000/openapi.json: 200 [(b'content-length', b'27156'), (b'content-type', b'application/json'), (b'x-process-time', b'0.0012602806091308594')] 
2024-11-11 18:45:45,070 root         WARNING  GET http://localhost:8000/openapi.json: 200 [(b'content-length', b'27156'), (b'content-type', b'application/json'), (b'x-process-time', b'0.0012602806091308594')] 
2024-11-11 18:45:45,070 root         WARNING  GET http://localhost:8000/openapi.json: 200 [(b'content-length', b'27156'), (b'content-type', b'application/json'), (b'x-process-time', b'0.0012602806091308594')] 
2024-11-11 18:51:15,199 root         WARNING  GET http://localhost:8000/api/docs: 200 [(b'content-length', b'939'), (b'content-type', b'text/html; charset=utf-8'), (b'x-process-time', b'0.0')] 
2024-11-11 18:51:15,328 root         WARNING  GET http://localhost:8000/openapi.json: 200 [(b'content-length', b'27156'), (b'content-type', b'application/json'), (b'x-process-time', b'0.04713010787963867')] 
2024-11-11 18:51:15,328 root         WARNING  GET http://localhost:8000/openapi.json: 200 [(b'content-length', b'27156'), (b'content-type', b'application/json'), (b'x-process-time', b'0.04713010787963867')] 
2024-11-11 18:54:27,620 root         WARNING  GET http://localhost:8000/api/docs: 200 [(b'content-length', b'939'), (b'content-type', b'text/html; charset=utf-8'), (b'x-process-time', b'0.0030100345611572266')] 
2024-11-11 18:54:27,783 root         WARNING  GET http://localhost:8000/openapi.json: 200 [(b'content-length', b'27156'), (b'content-type', b'application/json'), (b'x-process-time', b'0.03743577003479004')] 
2024-11-11 18:54:27,783 root         WARNING  GET http://localhost:8000/openapi.json: 200 [(b'content-length', b'27156'), (b'content-type', b'application/json'), (b'x-process-time', b'0.03743577003479004')] 
2024-11-11 18:54:55,644 root         WARNING  GET http://localhost:8000/api/users/?skip=0&limit=100: 200 [(b'content-length', b'2'), (b'content-type', b'application/json'), (b'x-process-time', b'0.10358285903930664')] 
2024-11-11 18:54:55,644 root         WARNING  GET http://localhost:8000/api/users/?skip=0&limit=100: 200 [(b'content-length', b'2'), (b'content-type', b'application/json'), (b'x-process-time', b'0.10358285903930664')] 
2024-11-11 18:54:55,644 root         WARNING  GET http://localhost:8000/api/users/?skip=0&limit=100: 200 [(b'content-length', b'2'), (b'content-type', b'application/json'), (b'x-process-time', b'0.10358285903930664')] 
2024-11-11 18:57:16,247 root         WARNING  GET http://localhost:8000/api/docs: 200 [(b'content-length', b'939'), (b'content-type', b'text/html; charset=utf-8'), (b'x-process-time', b'0.0')] 
2024-11-11 18:57:16,695 root         WARNING  GET http://localhost:8000/openapi.json: 200 [(b'content-length', b'27156'), (b'content-type', b'application/json'), (b'x-process-time', b'0.014560461044311523')] 
2024-11-11 18:57:16,695 root         WARNING  GET http://localhost:8000/openapi.json: 200 [(b'content-length', b'27156'), (b'content-type', b'application/json'), (b'x-process-time', b'0.014560461044311523')] 
2024-11-11 18:58:50,601 root         WARNING  GET http://localhost:8000/api/docs: 200 [(b'content-length', b'939'), (b'content-type', b'text/html; charset=utf-8'), (b'x-process-time', b'0.0')] 
2024-11-11 18:58:50,601 root         WARNING  GET http://localhost:8000/api/docs: 200 [(b'content-length', b'939'), (b'content-type', b'text/html; charset=utf-8'), (b'x-process-time', b'0.0')] 
2024-11-11 18:58:50,601 root         WARNING  GET http://localhost:8000/api/docs: 200 [(b'content-length', b'939'), (b'content-type', b'text/html; charset=utf-8'), (b'x-process-time', b'0.0')] 
2024-11-11 18:58:50,710 root         WARNING  GET http://localhost:8000/openapi.json: 200 [(b'content-length', b'27156'), (b'content-type', b'application/json'), (b'x-process-time', b'0.0')] 
2024-11-11 18:58:50,710 root         WARNING  GET http://localhost:8000/openapi.json: 200 [(b'content-length', b'27156'), (b'content-type', b'application/json'), (b'x-process-time', b'0.0')] 
2024-11-11 18:58:50,710 root         WARNING  GET http://localhost:8000/openapi.json: 200 [(b'content-length', b'27156'), (b'content-type', b'application/json'), (b'x-process-time', b'0.0')] 
2024-11-11 18:58:50,710 root         WARNING  GET http://localhost:8000/openapi.json: 200 [(b'content-length', b'27156'), (b'content-type', b'application/json'), (b'x-process-time', b'0.0')] 
2024-11-11 19:06:06,814 root         WARNING  GET http://localhost:8000/api/docs: 200 [(b'content-length', b'939'), (b'content-type', b'text/html; charset=utf-8'), (b'x-process-time', b'0.0009446144104003906')] 
2024-11-11 19:06:06,898 root         WARNING  GET http://localhost:8000/openapi.json: 200 [(b'content-length', b'27156'), (b'content-type', b'application/json'), (b'x-process-time', b'0.015004634857177734')] 
2024-11-11 19:06:06,898 root         WARNING  GET http://localhost:8000/openapi.json: 200 [(b'content-length', b'27156'), (b'content-type', b'application/json'), (b'x-process-time', b'0.015004634857177734')] 
2024-11-11 19:06:39,530 root         WARNING  POST http://localhost:8000/api/users/: 201 [(b'content-length', b'141'), (b'content-type', b'application/json'), (b'access-control-allow-origin', b'http://localhost:8000'), (b'access-control-allow-credentials', b'true'), (b'vary', b'Origin'), (b'x-process-time', b'0.035561323165893555')] 
2024-11-11 19:06:39,530 root         WARNING  POST http://localhost:8000/api/users/: 201 [(b'content-length', b'141'), (b'content-type', b'application/json'), (b'access-control-allow-origin', b'http://localhost:8000'), (b'access-control-allow-credentials', b'true'), (b'vary', b'Origin'), (b'x-process-time', b'0.035561323165893555')] 
2024-11-11 19:06:39,530 root         WARNING  POST http://localhost:8000/api/users/: 201 [(b'content-length', b'141'), (b'content-type', b'application/json'), (b'access-control-allow-origin', b'http://localhost:8000'), (b'access-control-allow-credentials', b'true'), (b'vary', b'Origin'), (b'x-process-time', b'0.035561323165893555')] 
2024-11-11 19:06:54,930 root         WARNING  GET http://localhost:8000/api/users/?skip=0&limit=100: 200 [(b'content-length', b'2'), (b'content-type', b'application/json'), (b'x-process-time', b'0.007658958435058594')] 
2024-11-11 19:06:54,930 root         WARNING  GET http://localhost:8000/api/users/?skip=0&limit=100: 200 [(b'content-length', b'2'), (b'content-type', b'application/json'), (b'x-process-time', b'0.007658958435058594')] 
2024-11-11 19:06:54,930 root         WARNING  GET http://localhost:8000/api/users/?skip=0&limit=100: 200 [(b'content-length', b'2'), (b'content-type', b'application/json'), (b'x-process-time', b'0.007658958435058594')] 
2024-11-11 19:06:54,930 root         WARNING  GET http://localhost:8000/api/users/?skip=0&limit=100: 200 [(b'content-length', b'2'), (b'content-type', b'application/json'), (b'x-process-time', b'0.007658958435058594')] 
2024-11-11 19:07:02,253 root         WARNING  GET http://localhost:8000/api/users/?skip=0&limit=100: 200 [(b'content-length', b'2'), (b'content-type', b'application/json'), (b'x-process-time', b'0.004021167755126953')] 
2024-11-11 19:07:02,253 root         WARNING  GET http://localhost:8000/api/users/?skip=0&limit=100: 200 [(b'content-length', b'2'), (b'content-type', b'application/json'), (b'x-process-time', b'0.004021167755126953')] 
2024-11-11 19:07:02,253 root         WARNING  GET http://localhost:8000/api/users/?skip=0&limit=100: 200 [(b'content-length', b'2'), (b'content-type', b'application/json'), (b'x-process-time', b'0.004021167755126953')] 
2024-11-11 19:07:02,253 root         WARNING  GET http://localhost:8000/api/users/?skip=0&limit=100: 200 [(b'content-length', b'2'), (b'content-type', b'application/json'), (b'x-process-time', b'0.004021167755126953')] 
2024-11-11 19:07:02,253 root         WARNING  GET http://localhost:8000/api/users/?skip=0&limit=100: 200 [(b'content-length', b'2'), (b'content-type', b'application/json'), (b'x-process-time', b'0.004021167755126953')] 
2024-11-11 19:08:37,529 root         ERROR    <class 'sqlalchemy.exc.ArgumentError'>: Textual SQL expression 'select * from aiti.sp_get...' should be explicitly declared as text('select * from aiti.sp_get...')
2024-11-11 19:08:37,529 root         ERROR    <class 'sqlalchemy.exc.ArgumentError'>: Textual SQL expression 'select * from aiti.sp_get...' should be explicitly declared as text('select * from aiti.sp_get...')
2024-11-11 19:08:37,529 root         ERROR    <class 'sqlalchemy.exc.ArgumentError'>: Textual SQL expression 'select * from aiti.sp_get...' should be explicitly declared as text('select * from aiti.sp_get...')
2024-11-11 19:08:37,529 root         ERROR    <class 'sqlalchemy.exc.ArgumentError'>: Textual SQL expression 'select * from aiti.sp_get...' should be explicitly declared as text('select * from aiti.sp_get...')
2024-11-11 19:08:37,529 root         ERROR    <class 'sqlalchemy.exc.ArgumentError'>: Textual SQL expression 'select * from aiti.sp_get...' should be explicitly declared as text('select * from aiti.sp_get...')
2024-11-11 19:08:37,529 root         ERROR    <class 'sqlalchemy.exc.ArgumentError'>: Textual SQL expression 'select * from aiti.sp_get...' should be explicitly declared as text('select * from aiti.sp_get...')
2024-11-11 19:08:37,531 root         WARNING  GET http://localhost:8000/api/aiti/constituencies: 500 [(b'content-length', b'203'), (b'content-type', b'application/json'), (b'x-process-time', b'0.004714012145996094')] 
2024-11-11 19:08:37,531 root         WARNING  GET http://localhost:8000/api/aiti/constituencies: 500 [(b'content-length', b'203'), (b'content-type', b'application/json'), (b'x-process-time', b'0.004714012145996094')] 
2024-11-11 19:08:37,531 root         WARNING  GET http://localhost:8000/api/aiti/constituencies: 500 [(b'content-length', b'203'), (b'content-type', b'application/json'), (b'x-process-time', b'0.004714012145996094')] 
2024-11-11 19:08:37,531 root         WARNING  GET http://localhost:8000/api/aiti/constituencies: 500 [(b'content-length', b'203'), (b'content-type', b'application/json'), (b'x-process-time', b'0.004714012145996094')] 
2024-11-11 19:08:37,531 root         WARNING  GET http://localhost:8000/api/aiti/constituencies: 500 [(b'content-length', b'203'), (b'content-type', b'application/json'), (b'x-process-time', b'0.004714012145996094')] 
2024-11-11 19:08:37,531 root         WARNING  GET http://localhost:8000/api/aiti/constituencies: 500 [(b'content-length', b'203'), (b'content-type', b'application/json'), (b'x-process-time', b'0.004714012145996094')] 
2024-11-11 19:15:11,819 root         WARNING  GET http://localhost:8000/api/docs: 200 [(b'content-length', b'939'), (b'content-type', b'text/html; charset=utf-8'), (b'x-process-time', b'0.0005061626434326172')] 
2024-11-11 19:15:11,918 root         WARNING  GET http://localhost:8000/openapi.json: 200 [(b'content-length', b'27613'), (b'content-type', b'application/json'), (b'x-process-time', b'0.007040500640869141')] 
2024-11-11 19:15:11,918 root         WARNING  GET http://localhost:8000/openapi.json: 200 [(b'content-length', b'27613'), (b'content-type', b'application/json'), (b'x-process-time', b'0.007040500640869141')] 
2024-11-11 19:19:43,304 root         WARNING  GET http://localhost:8000/api/docs: 200 [(b'content-length', b'939'), (b'content-type', b'text/html; charset=utf-8'), (b'x-process-time', b'0.0')] 
2024-11-11 19:19:43,415 root         WARNING  GET http://localhost:8000/openapi.json: 200 [(b'content-length', b'27878'), (b'content-type', b'application/json'), (b'x-process-time', b'0.016794204711914062')] 
2024-11-11 19:19:43,415 root         WARNING  GET http://localhost:8000/openapi.json: 200 [(b'content-length', b'27878'), (b'content-type', b'application/json'), (b'x-process-time', b'0.016794204711914062')] 
2024-11-11 19:19:46,500 root         WARNING  GET http://localhost:8000/api/docs: 200 [(b'content-length', b'939'), (b'content-type', b'text/html; charset=utf-8'), (b'x-process-time', b'0.0')] 
2024-11-11 19:19:46,500 root         WARNING  GET http://localhost:8000/api/docs: 200 [(b'content-length', b'939'), (b'content-type', b'text/html; charset=utf-8'), (b'x-process-time', b'0.0')] 
2024-11-11 19:19:46,500 root         WARNING  GET http://localhost:8000/api/docs: 200 [(b'content-length', b'939'), (b'content-type', b'text/html; charset=utf-8'), (b'x-process-time', b'0.0')] 
2024-11-11 19:19:46,567 root         WARNING  GET http://localhost:8000/openapi.json: 200 [(b'content-length', b'27878'), (b'content-type', b'application/json'), (b'x-process-time', b'0.001608133316040039')] 
2024-11-11 19:19:46,567 root         WARNING  GET http://localhost:8000/openapi.json: 200 [(b'content-length', b'27878'), (b'content-type', b'application/json'), (b'x-process-time', b'0.001608133316040039')] 
2024-11-11 19:19:46,567 root         WARNING  GET http://localhost:8000/openapi.json: 200 [(b'content-length', b'27878'), (b'content-type', b'application/json'), (b'x-process-time', b'0.001608133316040039')] 
2024-11-11 19:19:46,567 root         WARNING  GET http://localhost:8000/openapi.json: 200 [(b'content-length', b'27878'), (b'content-type', b'application/json'), (b'x-process-time', b'0.001608133316040039')] 
2024-11-11 19:19:47,374 root         WARNING  GET http://localhost:8000/api/docs: 200 [(b'content-length', b'939'), (b'content-type', b'text/html; charset=utf-8'), (b'x-process-time', b'0.0009975433349609375')] 
2024-11-11 19:19:47,374 root         WARNING  GET http://localhost:8000/api/docs: 200 [(b'content-length', b'939'), (b'content-type', b'text/html; charset=utf-8'), (b'x-process-time', b'0.0009975433349609375')] 
2024-11-11 19:19:47,374 root         WARNING  GET http://localhost:8000/api/docs: 200 [(b'content-length', b'939'), (b'content-type', b'text/html; charset=utf-8'), (b'x-process-time', b'0.0009975433349609375')] 
2024-11-11 19:19:47,374 root         WARNING  GET http://localhost:8000/api/docs: 200 [(b'content-length', b'939'), (b'content-type', b'text/html; charset=utf-8'), (b'x-process-time', b'0.0009975433349609375')] 
2024-11-11 19:19:47,374 root         WARNING  GET http://localhost:8000/api/docs: 200 [(b'content-length', b'939'), (b'content-type', b'text/html; charset=utf-8'), (b'x-process-time', b'0.0009975433349609375')] 
2024-11-11 19:19:47,464 root         WARNING  GET http://localhost:8000/openapi.json: 200 [(b'content-length', b'27878'), (b'content-type', b'application/json'), (b'x-process-time', b'0.001766204833984375')] 
2024-11-11 19:19:47,464 root         WARNING  GET http://localhost:8000/openapi.json: 200 [(b'content-length', b'27878'), (b'content-type', b'application/json'), (b'x-process-time', b'0.001766204833984375')] 
2024-11-11 19:19:47,464 root         WARNING  GET http://localhost:8000/openapi.json: 200 [(b'content-length', b'27878'), (b'content-type', b'application/json'), (b'x-process-time', b'0.001766204833984375')] 
2024-11-11 19:19:47,464 root         WARNING  GET http://localhost:8000/openapi.json: 200 [(b'content-length', b'27878'), (b'content-type', b'application/json'), (b'x-process-time', b'0.001766204833984375')] 
2024-11-11 19:19:47,464 root         WARNING  GET http://localhost:8000/openapi.json: 200 [(b'content-length', b'27878'), (b'content-type', b'application/json'), (b'x-process-time', b'0.001766204833984375')] 
2024-11-11 19:19:47,464 root         WARNING  GET http://localhost:8000/openapi.json: 200 [(b'content-length', b'27878'), (b'content-type', b'application/json'), (b'x-process-time', b'0.001766204833984375')] 
2024-11-11 19:19:47,935 root         WARNING  GET http://localhost:8000/api/docs: 200 [(b'content-length', b'939'), (b'content-type', b'text/html; charset=utf-8'), (b'x-process-time', b'0.0')] 
2024-11-11 19:19:47,935 root         WARNING  GET http://localhost:8000/api/docs: 200 [(b'content-length', b'939'), (b'content-type', b'text/html; charset=utf-8'), (b'x-process-time', b'0.0')] 
2024-11-11 19:19:47,935 root         WARNING  GET http://localhost:8000/api/docs: 200 [(b'content-length', b'939'), (b'content-type', b'text/html; charset=utf-8'), (b'x-process-time', b'0.0')] 
2024-11-11 19:19:47,935 root         WARNING  GET http://localhost:8000/api/docs: 200 [(b'content-length', b'939'), (b'content-type', b'text/html; charset=utf-8'), (b'x-process-time', b'0.0')] 
2024-11-11 19:19:47,935 root         WARNING  GET http://localhost:8000/api/docs: 200 [(b'content-length', b'939'), (b'content-type', b'text/html; charset=utf-8'), (b'x-process-time', b'0.0')] 
2024-11-11 19:19:47,935 root         WARNING  GET http://localhost:8000/api/docs: 200 [(b'content-length', b'939'), (b'content-type', b'text/html; charset=utf-8'), (b'x-process-time', b'0.0')] 
2024-11-11 19:19:47,935 root         WARNING  GET http://localhost:8000/api/docs: 200 [(b'content-length', b'939'), (b'content-type', b'text/html; charset=utf-8'), (b'x-process-time', b'0.0')] 
2024-11-11 19:19:47,981 root         WARNING  GET http://localhost:8000/openapi.json: 200 [(b'content-length', b'27878'), (b'content-type', b'application/json'), (b'x-process-time', b'0.0020046234130859375')] 
2024-11-11 19:19:47,981 root         WARNING  GET http://localhost:8000/openapi.json: 200 [(b'content-length', b'27878'), (b'content-type', b'application/json'), (b'x-process-time', b'0.0020046234130859375')] 
2024-11-11 19:19:47,981 root         WARNING  GET http://localhost:8000/openapi.json: 200 [(b'content-length', b'27878'), (b'content-type', b'application/json'), (b'x-process-time', b'0.0020046234130859375')] 
2024-11-11 19:19:47,981 root         WARNING  GET http://localhost:8000/openapi.json: 200 [(b'content-length', b'27878'), (b'content-type', b'application/json'), (b'x-process-time', b'0.0020046234130859375')] 
2024-11-11 19:19:47,981 root         WARNING  GET http://localhost:8000/openapi.json: 200 [(b'content-length', b'27878'), (b'content-type', b'application/json'), (b'x-process-time', b'0.0020046234130859375')] 
2024-11-11 19:19:47,981 root         WARNING  GET http://localhost:8000/openapi.json: 200 [(b'content-length', b'27878'), (b'content-type', b'application/json'), (b'x-process-time', b'0.0020046234130859375')] 
2024-11-11 19:19:47,981 root         WARNING  GET http://localhost:8000/openapi.json: 200 [(b'content-length', b'27878'), (b'content-type', b'application/json'), (b'x-process-time', b'0.0020046234130859375')] 
2024-11-11 19:19:47,981 root         WARNING  GET http://localhost:8000/openapi.json: 200 [(b'content-length', b'27878'), (b'content-type', b'application/json'), (b'x-process-time', b'0.0020046234130859375')] 
2024-11-11 19:19:48,110 root         WARNING  GET http://localhost:8000/api/docs: 200 [(b'content-length', b'939'), (b'content-type', b'text/html; charset=utf-8'), (b'x-process-time', b'0.0')] 
2024-11-11 19:19:48,110 root         WARNING  GET http://localhost:8000/api/docs: 200 [(b'content-length', b'939'), (b'content-type', b'text/html; charset=utf-8'), (b'x-process-time', b'0.0')] 
2024-11-11 19:19:48,110 root         WARNING  GET http://localhost:8000/api/docs: 200 [(b'content-length', b'939'), (b'content-type', b'text/html; charset=utf-8'), (b'x-process-time', b'0.0')] 
2024-11-11 19:19:48,110 root         WARNING  GET http://localhost:8000/api/docs: 200 [(b'content-length', b'939'), (b'content-type', b'text/html; charset=utf-8'), (b'x-process-time', b'0.0')] 
2024-11-11 19:19:48,110 root         WARNING  GET http://localhost:8000/api/docs: 200 [(b'content-length', b'939'), (b'content-type', b'text/html; charset=utf-8'), (b'x-process-time', b'0.0')] 
2024-11-11 19:19:48,110 root         WARNING  GET http://localhost:8000/api/docs: 200 [(b'content-length', b'939'), (b'content-type', b'text/html; charset=utf-8'), (b'x-process-time', b'0.0')] 
2024-11-11 19:19:48,110 root         WARNING  GET http://localhost:8000/api/docs: 200 [(b'content-length', b'939'), (b'content-type', b'text/html; charset=utf-8'), (b'x-process-time', b'0.0')] 
2024-11-11 19:19:48,110 root         WARNING  GET http://localhost:8000/api/docs: 200 [(b'content-length', b'939'), (b'content-type', b'text/html; charset=utf-8'), (b'x-process-time', b'0.0')] 
2024-11-11 19:19:48,110 root         WARNING  GET http://localhost:8000/api/docs: 200 [(b'content-length', b'939'), (b'content-type', b'text/html; charset=utf-8'), (b'x-process-time', b'0.0')] 
2024-11-11 19:19:48,168 root         WARNING  GET http://localhost:8000/openapi.json: 200 [(b'content-length', b'27878'), (b'content-type', b'application/json'), (b'x-process-time', b'0.002151012420654297')] 
2024-11-11 19:19:48,168 root         WARNING  GET http://localhost:8000/openapi.json: 200 [(b'content-length', b'27878'), (b'content-type', b'application/json'), (b'x-process-time', b'0.002151012420654297')] 
2024-11-11 19:19:48,168 root         WARNING  GET http://localhost:8000/openapi.json: 200 [(b'content-length', b'27878'), (b'content-type', b'application/json'), (b'x-process-time', b'0.002151012420654297')] 
2024-11-11 19:19:48,168 root         WARNING  GET http://localhost:8000/openapi.json: 200 [(b'content-length', b'27878'), (b'content-type', b'application/json'), (b'x-process-time', b'0.002151012420654297')] 
2024-11-11 19:19:48,168 root         WARNING  GET http://localhost:8000/openapi.json: 200 [(b'content-length', b'27878'), (b'content-type', b'application/json'), (b'x-process-time', b'0.002151012420654297')] 
2024-11-11 19:19:48,168 root         WARNING  GET http://localhost:8000/openapi.json: 200 [(b'content-length', b'27878'), (b'content-type', b'application/json'), (b'x-process-time', b'0.002151012420654297')] 
2024-11-11 19:19:48,168 root         WARNING  GET http://localhost:8000/openapi.json: 200 [(b'content-length', b'27878'), (b'content-type', b'application/json'), (b'x-process-time', b'0.002151012420654297')] 
2024-11-11 19:19:48,168 root         WARNING  GET http://localhost:8000/openapi.json: 200 [(b'content-length', b'27878'), (b'content-type', b'application/json'), (b'x-process-time', b'0.002151012420654297')] 
2024-11-11 19:19:48,168 root         WARNING  GET http://localhost:8000/openapi.json: 200 [(b'content-length', b'27878'), (b'content-type', b'application/json'), (b'x-process-time', b'0.002151012420654297')] 
2024-11-11 19:19:48,168 root         WARNING  GET http://localhost:8000/openapi.json: 200 [(b'content-length', b'27878'), (b'content-type', b'application/json'), (b'x-process-time', b'0.002151012420654297')] 
2024-11-11 19:20:29,228 root         WARNING  POST http://localhost:8000/migrate-sql-file/: 500 [(b'content-length', b'94'), (b'content-type', b'application/json'), (b'access-control-allow-origin', b'http://localhost:8000'), (b'access-control-allow-credentials', b'true'), (b'vary', b'Origin'), (b'x-process-time', b'0.1616837978363037')] 
2024-11-11 19:20:29,228 root         WARNING  POST http://localhost:8000/migrate-sql-file/: 500 [(b'content-length', b'94'), (b'content-type', b'application/json'), (b'access-control-allow-origin', b'http://localhost:8000'), (b'access-control-allow-credentials', b'true'), (b'vary', b'Origin'), (b'x-process-time', b'0.1616837978363037')] 
2024-11-11 19:20:29,228 root         WARNING  POST http://localhost:8000/migrate-sql-file/: 500 [(b'content-length', b'94'), (b'content-type', b'application/json'), (b'access-control-allow-origin', b'http://localhost:8000'), (b'access-control-allow-credentials', b'true'), (b'vary', b'Origin'), (b'x-process-time', b'0.1616837978363037')] 
2024-11-11 19:20:29,228 root         WARNING  POST http://localhost:8000/migrate-sql-file/: 500 [(b'content-length', b'94'), (b'content-type', b'application/json'), (b'access-control-allow-origin', b'http://localhost:8000'), (b'access-control-allow-credentials', b'true'), (b'vary', b'Origin'), (b'x-process-time', b'0.1616837978363037')] 
2024-11-11 19:20:29,228 root         WARNING  POST http://localhost:8000/migrate-sql-file/: 500 [(b'content-length', b'94'), (b'content-type', b'application/json'), (b'access-control-allow-origin', b'http://localhost:8000'), (b'access-control-allow-credentials', b'true'), (b'vary', b'Origin'), (b'x-process-time', b'0.1616837978363037')] 
2024-11-11 19:20:29,228 root         WARNING  POST http://localhost:8000/migrate-sql-file/: 500 [(b'content-length', b'94'), (b'content-type', b'application/json'), (b'access-control-allow-origin', b'http://localhost:8000'), (b'access-control-allow-credentials', b'true'), (b'vary', b'Origin'), (b'x-process-time', b'0.1616837978363037')] 
2024-11-11 19:20:29,228 root         WARNING  POST http://localhost:8000/migrate-sql-file/: 500 [(b'content-length', b'94'), (b'content-type', b'application/json'), (b'access-control-allow-origin', b'http://localhost:8000'), (b'access-control-allow-credentials', b'true'), (b'vary', b'Origin'), (b'x-process-time', b'0.1616837978363037')] 
2024-11-11 19:20:29,228 root         WARNING  POST http://localhost:8000/migrate-sql-file/: 500 [(b'content-length', b'94'), (b'content-type', b'application/json'), (b'access-control-allow-origin', b'http://localhost:8000'), (b'access-control-allow-credentials', b'true'), (b'vary', b'Origin'), (b'x-process-time', b'0.1616837978363037')] 
2024-11-11 19:20:29,228 root         WARNING  POST http://localhost:8000/migrate-sql-file/: 500 [(b'content-length', b'94'), (b'content-type', b'application/json'), (b'access-control-allow-origin', b'http://localhost:8000'), (b'access-control-allow-credentials', b'true'), (b'vary', b'Origin'), (b'x-process-time', b'0.1616837978363037')] 
2024-11-11 19:20:29,228 root         WARNING  POST http://localhost:8000/migrate-sql-file/: 500 [(b'content-length', b'94'), (b'content-type', b'application/json'), (b'access-control-allow-origin', b'http://localhost:8000'), (b'access-control-allow-credentials', b'true'), (b'vary', b'Origin'), (b'x-process-time', b'0.1616837978363037')] 
2024-11-11 19:20:29,228 root         WARNING  POST http://localhost:8000/migrate-sql-file/: 500 [(b'content-length', b'94'), (b'content-type', b'application/json'), (b'access-control-allow-origin', b'http://localhost:8000'), (b'access-control-allow-credentials', b'true'), (b'vary', b'Origin'), (b'x-process-time', b'0.1616837978363037')] 
2024-11-11 19:22:45,725 root         WARNING  GET http://localhost:8000/api/docs: 200 [(b'content-length', b'939'), (b'content-type', b'text/html; charset=utf-8'), (b'x-process-time', b'0.0')] 
2024-11-11 19:22:45,812 root         WARNING  GET http://localhost:8000/openapi.json: 200 [(b'content-length', b'27613'), (b'content-type', b'application/json'), (b'x-process-time', b'0.008557319641113281')] 
2024-11-11 19:22:45,812 root         WARNING  GET http://localhost:8000/openapi.json: 200 [(b'content-length', b'27613'), (b'content-type', b'application/json'), (b'x-process-time', b'0.008557319641113281')] 
2024-11-11 19:23:20,934 root         WARNING  POST http://localhost:8000/migrate-sql-file/?file=C%3A%5CUsers%5Cuser%5CGI-KACE%20PROJECTS%5COTHER%20PROJECTS%5COTHER%20PROJECTS%5CElection-API-App%5Cdb%5Caiti_schema.sql: 500 [(b'content-length', b'80'), (b'content-type', b'application/json'), (b'access-control-allow-origin', b'http://localhost:8000'), (b'access-control-allow-credentials', b'true'), (b'vary', b'Origin'), (b'x-process-time', b'0.014158964157104492')] 
2024-11-11 19:23:20,934 root         WARNING  POST http://localhost:8000/migrate-sql-file/?file=C%3A%5CUsers%5Cuser%5CGI-KACE%20PROJECTS%5COTHER%20PROJECTS%5COTHER%20PROJECTS%5CElection-API-App%5Cdb%5Caiti_schema.sql: 500 [(b'content-length', b'80'), (b'content-type', b'application/json'), (b'access-control-allow-origin', b'http://localhost:8000'), (b'access-control-allow-credentials', b'true'), (b'vary', b'Origin'), (b'x-process-time', b'0.014158964157104492')] 
2024-11-11 19:23:20,934 root         WARNING  POST http://localhost:8000/migrate-sql-file/?file=C%3A%5CUsers%5Cuser%5CGI-KACE%20PROJECTS%5COTHER%20PROJECTS%5COTHER%20PROJECTS%5CElection-API-App%5Cdb%5Caiti_schema.sql: 500 [(b'content-length', b'80'), (b'content-type', b'application/json'), (b'access-control-allow-origin', b'http://localhost:8000'), (b'access-control-allow-credentials', b'true'), (b'vary', b'Origin'), (b'x-process-time', b'0.014158964157104492')] 
2024-11-11 19:31:59,313 root         WARNING  GET http://localhost:8000/api/docs: 200 [(b'content-length', b'939'), (b'content-type', b'text/html; charset=utf-8'), (b'x-process-time', b'0.00099945068359375')] 
2024-11-11 19:31:59,488 root         WARNING  GET http://localhost:8000/openapi.json: 200 [(b'content-length', b'27613'), (b'content-type', b'application/json'), (b'x-process-time', b'0.02680826187133789')] 
2024-11-11 19:31:59,488 root         WARNING  GET http://localhost:8000/openapi.json: 200 [(b'content-length', b'27613'), (b'content-type', b'application/json'), (b'x-process-time', b'0.02680826187133789')] 
2024-11-11 19:32:01,641 root         WARNING  GET http://localhost:8000/api/docs: 200 [(b'content-length', b'939'), (b'content-type', b'text/html; charset=utf-8'), (b'x-process-time', b'0.0')] 
2024-11-11 19:32:01,641 root         WARNING  GET http://localhost:8000/api/docs: 200 [(b'content-length', b'939'), (b'content-type', b'text/html; charset=utf-8'), (b'x-process-time', b'0.0')] 
2024-11-11 19:32:01,641 root         WARNING  GET http://localhost:8000/api/docs: 200 [(b'content-length', b'939'), (b'content-type', b'text/html; charset=utf-8'), (b'x-process-time', b'0.0')] 
2024-11-11 19:32:01,715 root         WARNING  GET http://localhost:8000/openapi.json: 200 [(b'content-length', b'27613'), (b'content-type', b'application/json'), (b'x-process-time', b'0.0')] 
2024-11-11 19:32:01,715 root         WARNING  GET http://localhost:8000/openapi.json: 200 [(b'content-length', b'27613'), (b'content-type', b'application/json'), (b'x-process-time', b'0.0')] 
2024-11-11 19:32:01,715 root         WARNING  GET http://localhost:8000/openapi.json: 200 [(b'content-length', b'27613'), (b'content-type', b'application/json'), (b'x-process-time', b'0.0')] 
2024-11-11 19:32:01,715 root         WARNING  GET http://localhost:8000/openapi.json: 200 [(b'content-length', b'27613'), (b'content-type', b'application/json'), (b'x-process-time', b'0.0')] 
2024-11-11 19:32:05,630 root         WARNING  POST http://localhost:8000/migrate-sql-file/?file=C%3A%5CUsers%5Cuser%5CGI-KACE%20PROJECTS%5COTHER%20PROJECTS%5COTHER%20PROJECTS%5CElection-API-App%5Cdb%5Caiti_schema.sql: 500 [(b'content-length', b'164'), (b'content-type', b'application/json'), (b'access-control-allow-origin', b'http://localhost:8000'), (b'access-control-allow-credentials', b'true'), (b'vary', b'Origin'), (b'x-process-time', b'0.03386640548706055')] 
2024-11-11 19:32:05,630 root         WARNING  POST http://localhost:8000/migrate-sql-file/?file=C%3A%5CUsers%5Cuser%5CGI-KACE%20PROJECTS%5COTHER%20PROJECTS%5COTHER%20PROJECTS%5CElection-API-App%5Cdb%5Caiti_schema.sql: 500 [(b'content-length', b'164'), (b'content-type', b'application/json'), (b'access-control-allow-origin', b'http://localhost:8000'), (b'access-control-allow-credentials', b'true'), (b'vary', b'Origin'), (b'x-process-time', b'0.03386640548706055')] 
2024-11-11 19:32:05,630 root         WARNING  POST http://localhost:8000/migrate-sql-file/?file=C%3A%5CUsers%5Cuser%5CGI-KACE%20PROJECTS%5COTHER%20PROJECTS%5COTHER%20PROJECTS%5CElection-API-App%5Cdb%5Caiti_schema.sql: 500 [(b'content-length', b'164'), (b'content-type', b'application/json'), (b'access-control-allow-origin', b'http://localhost:8000'), (b'access-control-allow-credentials', b'true'), (b'vary', b'Origin'), (b'x-process-time', b'0.03386640548706055')] 
2024-11-11 19:32:05,630 root         WARNING  POST http://localhost:8000/migrate-sql-file/?file=C%3A%5CUsers%5Cuser%5CGI-KACE%20PROJECTS%5COTHER%20PROJECTS%5COTHER%20PROJECTS%5CElection-API-App%5Cdb%5Caiti_schema.sql: 500 [(b'content-length', b'164'), (b'content-type', b'application/json'), (b'access-control-allow-origin', b'http://localhost:8000'), (b'access-control-allow-credentials', b'true'), (b'vary', b'Origin'), (b'x-process-time', b'0.03386640548706055')] 
2024-11-11 19:32:05,630 root         WARNING  POST http://localhost:8000/migrate-sql-file/?file=C%3A%5CUsers%5Cuser%5CGI-KACE%20PROJECTS%5COTHER%20PROJECTS%5COTHER%20PROJECTS%5CElection-API-App%5Cdb%5Caiti_schema.sql: 500 [(b'content-length', b'164'), (b'content-type', b'application/json'), (b'access-control-allow-origin', b'http://localhost:8000'), (b'access-control-allow-credentials', b'true'), (b'vary', b'Origin'), (b'x-process-time', b'0.03386640548706055')] 
2024-11-11 19:37:12,226 root         WARNING  GET http://localhost:8000/api/docs: 200 [(b'content-length', b'939'), (b'content-type', b'text/html; charset=utf-8'), (b'x-process-time', b'0.0')] 
2024-11-11 19:37:12,366 root         WARNING  GET http://localhost:8000/openapi.json: 200 [(b'content-length', b'27613'), (b'content-type', b'application/json'), (b'x-process-time', b'0.027714014053344727')] 
2024-11-11 19:37:12,366 root         WARNING  GET http://localhost:8000/openapi.json: 200 [(b'content-length', b'27613'), (b'content-type', b'application/json'), (b'x-process-time', b'0.027714014053344727')] 
2024-11-11 19:37:16,901 root         WARNING  POST http://localhost:8000/migrate-sql-file/?file=C%3A%5CUsers%5Cuser%5CGI-KACE%20PROJECTS%5COTHER%20PROJECTS%5COTHER%20PROJECTS%5CElection-API-App%5Cdb%5Caiti_schema.sql: 500 [(b'content-length', b'61'), (b'content-type', b'application/json'), (b'access-control-allow-origin', b'http://localhost:8000'), (b'access-control-allow-credentials', b'true'), (b'vary', b'Origin'), (b'x-process-time', b'0.02973794937133789')] 
2024-11-11 19:37:16,901 root         WARNING  POST http://localhost:8000/migrate-sql-file/?file=C%3A%5CUsers%5Cuser%5CGI-KACE%20PROJECTS%5COTHER%20PROJECTS%5COTHER%20PROJECTS%5CElection-API-App%5Cdb%5Caiti_schema.sql: 500 [(b'content-length', b'61'), (b'content-type', b'application/json'), (b'access-control-allow-origin', b'http://localhost:8000'), (b'access-control-allow-credentials', b'true'), (b'vary', b'Origin'), (b'x-process-time', b'0.02973794937133789')] 
2024-11-11 19:37:16,901 root         WARNING  POST http://localhost:8000/migrate-sql-file/?file=C%3A%5CUsers%5Cuser%5CGI-KACE%20PROJECTS%5COTHER%20PROJECTS%5COTHER%20PROJECTS%5CElection-API-App%5Cdb%5Caiti_schema.sql: 500 [(b'content-length', b'61'), (b'content-type', b'application/json'), (b'access-control-allow-origin', b'http://localhost:8000'), (b'access-control-allow-credentials', b'true'), (b'vary', b'Origin'), (b'x-process-time', b'0.02973794937133789')] 
2024-11-11 19:37:58,864 root         WARNING  GET http://localhost:8000/api/docs: 200 [(b'content-length', b'939'), (b'content-type', b'text/html; charset=utf-8'), (b'x-process-time', b'0.00099945068359375')] 
2024-11-11 19:37:59,117 root         WARNING  GET http://localhost:8000/openapi.json: 200 [(b'content-length', b'27613'), (b'content-type', b'application/json'), (b'x-process-time', b'0.025782346725463867')] 
2024-11-11 19:37:59,117 root         WARNING  GET http://localhost:8000/openapi.json: 200 [(b'content-length', b'27613'), (b'content-type', b'application/json'), (b'x-process-time', b'0.025782346725463867')] 
2024-11-11 19:38:03,756 root         WARNING  POST http://localhost:8000/migrate-sql-file/?file=C%3A%5CUsers%5Cuser%5CGI-KACE%20PROJECTS%5COTHER%20PROJECTS%5COTHER%20PROJECTS%5CElection-API-App%5Cdb%5Caiti_schema.sql: 500 [(b'content-length', b'196'), (b'content-type', b'application/json'), (b'access-control-allow-origin', b'http://localhost:8000'), (b'access-control-allow-credentials', b'true'), (b'vary', b'Origin'), (b'x-process-time', b'0.05841469764709473')] 
2024-11-11 19:38:03,756 root         WARNING  POST http://localhost:8000/migrate-sql-file/?file=C%3A%5CUsers%5Cuser%5CGI-KACE%20PROJECTS%5COTHER%20PROJECTS%5COTHER%20PROJECTS%5CElection-API-App%5Cdb%5Caiti_schema.sql: 500 [(b'content-length', b'196'), (b'content-type', b'application/json'), (b'access-control-allow-origin', b'http://localhost:8000'), (b'access-control-allow-credentials', b'true'), (b'vary', b'Origin'), (b'x-process-time', b'0.05841469764709473')] 
2024-11-11 19:38:03,756 root         WARNING  POST http://localhost:8000/migrate-sql-file/?file=C%3A%5CUsers%5Cuser%5CGI-KACE%20PROJECTS%5COTHER%20PROJECTS%5COTHER%20PROJECTS%5CElection-API-App%5Cdb%5Caiti_schema.sql: 500 [(b'content-length', b'196'), (b'content-type', b'application/json'), (b'access-control-allow-origin', b'http://localhost:8000'), (b'access-control-allow-credentials', b'true'), (b'vary', b'Origin'), (b'x-process-time', b'0.05841469764709473')] 
2024-11-11 19:42:41,918 root         WARNING  GET http://localhost:8000/api/docs: 200 [(b'content-length', b'939'), (b'content-type', b'text/html; charset=utf-8'), (b'x-process-time', b'0.0010001659393310547')] 
2024-11-11 19:42:42,059 root         WARNING  GET http://localhost:8000/openapi.json: 200 [(b'content-length', b'27613'), (b'content-type', b'application/json'), (b'x-process-time', b'0.017254352569580078')] 
2024-11-11 19:42:42,059 root         WARNING  GET http://localhost:8000/openapi.json: 200 [(b'content-length', b'27613'), (b'content-type', b'application/json'), (b'x-process-time', b'0.017254352569580078')] 
2024-11-11 19:42:46,328 root         WARNING  POST http://localhost:8000/migrate-sql-file/?file=C%3A%5CUsers%5Cuser%5CGI-KACE%20PROJECTS%5COTHER%20PROJECTS%5COTHER%20PROJECTS%5CElection-API-App%5Cdb%5Caiti_schema.sql: 500 [(b'content-length', b'69'), (b'content-type', b'application/json'), (b'access-control-allow-origin', b'http://localhost:8000'), (b'access-control-allow-credentials', b'true'), (b'vary', b'Origin'), (b'x-process-time', b'0.14223337173461914')] 
2024-11-11 19:42:46,328 root         WARNING  POST http://localhost:8000/migrate-sql-file/?file=C%3A%5CUsers%5Cuser%5CGI-KACE%20PROJECTS%5COTHER%20PROJECTS%5COTHER%20PROJECTS%5CElection-API-App%5Cdb%5Caiti_schema.sql: 500 [(b'content-length', b'69'), (b'content-type', b'application/json'), (b'access-control-allow-origin', b'http://localhost:8000'), (b'access-control-allow-credentials', b'true'), (b'vary', b'Origin'), (b'x-process-time', b'0.14223337173461914')] 
2024-11-11 19:42:46,328 root         WARNING  POST http://localhost:8000/migrate-sql-file/?file=C%3A%5CUsers%5Cuser%5CGI-KACE%20PROJECTS%5COTHER%20PROJECTS%5COTHER%20PROJECTS%5CElection-API-App%5Cdb%5Caiti_schema.sql: 500 [(b'content-length', b'69'), (b'content-type', b'application/json'), (b'access-control-allow-origin', b'http://localhost:8000'), (b'access-control-allow-credentials', b'true'), (b'vary', b'Origin'), (b'x-process-time', b'0.14223337173461914')] 
2024-11-11 19:43:24,746 root         WARNING  POST http://localhost:8000/migrate-sql-file/?file=C%3A%5CUsers%5Cuser%5CGI-KACE%20PROJECTS%5COTHER%20PROJECTS%5COTHER%20PROJECTS%5CElection-API-App%5Cdb%5Caiti_schema.sql: 500 [(b'content-length', b'158'), (b'content-type', b'application/json'), (b'access-control-allow-origin', b'http://localhost:8000'), (b'access-control-allow-credentials', b'true'), (b'vary', b'Origin'), (b'x-process-time', b'0.12835478782653809')] 
2024-11-11 19:43:24,746 root         WARNING  POST http://localhost:8000/migrate-sql-file/?file=C%3A%5CUsers%5Cuser%5CGI-KACE%20PROJECTS%5COTHER%20PROJECTS%5COTHER%20PROJECTS%5CElection-API-App%5Cdb%5Caiti_schema.sql: 500 [(b'content-length', b'158'), (b'content-type', b'application/json'), (b'access-control-allow-origin', b'http://localhost:8000'), (b'access-control-allow-credentials', b'true'), (b'vary', b'Origin'), (b'x-process-time', b'0.12835478782653809')] 
2024-11-11 19:43:24,746 root         WARNING  POST http://localhost:8000/migrate-sql-file/?file=C%3A%5CUsers%5Cuser%5CGI-KACE%20PROJECTS%5COTHER%20PROJECTS%5COTHER%20PROJECTS%5CElection-API-App%5Cdb%5Caiti_schema.sql: 500 [(b'content-length', b'158'), (b'content-type', b'application/json'), (b'access-control-allow-origin', b'http://localhost:8000'), (b'access-control-allow-credentials', b'true'), (b'vary', b'Origin'), (b'x-process-time', b'0.12835478782653809')] 
2024-11-11 19:43:24,746 root         WARNING  POST http://localhost:8000/migrate-sql-file/?file=C%3A%5CUsers%5Cuser%5CGI-KACE%20PROJECTS%5COTHER%20PROJECTS%5COTHER%20PROJECTS%5CElection-API-App%5Cdb%5Caiti_schema.sql: 500 [(b'content-length', b'158'), (b'content-type', b'application/json'), (b'access-control-allow-origin', b'http://localhost:8000'), (b'access-control-allow-credentials', b'true'), (b'vary', b'Origin'), (b'x-process-time', b'0.12835478782653809')] 
2024-11-11 19:49:54,918 root         WARNING  GET http://localhost:8000/api/docs: 200 [(b'content-length', b'939'), (b'content-type', b'text/html; charset=utf-8'), (b'x-process-time', b'0.0010008811950683594')] 
2024-11-11 19:49:55,292 root         WARNING  GET http://localhost:8000/openapi.json: 200 [(b'content-length', b'27613'), (b'content-type', b'application/json'), (b'x-process-time', b'0.026641845703125')] 
2024-11-11 19:49:55,292 root         WARNING  GET http://localhost:8000/openapi.json: 200 [(b'content-length', b'27613'), (b'content-type', b'application/json'), (b'x-process-time', b'0.026641845703125')] 
2024-11-11 19:50:22,257 root         WARNING  POST http://localhost:8000/migrate-sql-file/?file=C%3A%5CUsers%5Cuser%5CGI-KACE%20PROJECTS%5COTHER%20PROJECTS%5COTHER%20PROJECTS%5CElection-API-App%5Cdb%5Caiti_schema.sql: 500 [(b'content-length', b'158'), (b'content-type', b'application/json'), (b'access-control-allow-origin', b'http://localhost:8000'), (b'access-control-allow-credentials', b'true'), (b'vary', b'Origin'), (b'x-process-time', b'0.1251661777496338')] 
2024-11-11 19:50:22,257 root         WARNING  POST http://localhost:8000/migrate-sql-file/?file=C%3A%5CUsers%5Cuser%5CGI-KACE%20PROJECTS%5COTHER%20PROJECTS%5COTHER%20PROJECTS%5CElection-API-App%5Cdb%5Caiti_schema.sql: 500 [(b'content-length', b'158'), (b'content-type', b'application/json'), (b'access-control-allow-origin', b'http://localhost:8000'), (b'access-control-allow-credentials', b'true'), (b'vary', b'Origin'), (b'x-process-time', b'0.1251661777496338')] 
2024-11-11 19:50:22,257 root         WARNING  POST http://localhost:8000/migrate-sql-file/?file=C%3A%5CUsers%5Cuser%5CGI-KACE%20PROJECTS%5COTHER%20PROJECTS%5COTHER%20PROJECTS%5CElection-API-App%5Cdb%5Caiti_schema.sql: 500 [(b'content-length', b'158'), (b'content-type', b'application/json'), (b'access-control-allow-origin', b'http://localhost:8000'), (b'access-control-allow-credentials', b'true'), (b'vary', b'Origin'), (b'x-process-time', b'0.1251661777496338')] 
2024-11-11 19:57:38,740 root         WARNING  GET http://localhost:8000/api/docs: 200 [(b'content-length', b'939'), (b'content-type', b'text/html; charset=utf-8'), (b'x-process-time', b'0.0')] 
2024-11-11 19:57:38,740 root         WARNING  GET http://localhost:8000/api/docs: 200 [(b'content-length', b'939'), (b'content-type', b'text/html; charset=utf-8'), (b'x-process-time', b'0.0')] 
2024-11-11 19:57:38,740 root         WARNING  GET http://localhost:8000/api/docs: 200 [(b'content-length', b'939'), (b'content-type', b'text/html; charset=utf-8'), (b'x-process-time', b'0.0')] 
2024-11-11 19:57:38,740 root         WARNING  GET http://localhost:8000/api/docs: 200 [(b'content-length', b'939'), (b'content-type', b'text/html; charset=utf-8'), (b'x-process-time', b'0.0')] 
2024-11-11 19:57:39,126 root         WARNING  GET http://localhost:8000/openapi.json: 200 [(b'content-length', b'27613'), (b'content-type', b'application/json'), (b'x-process-time', b'0.0026154518127441406')] 
2024-11-11 19:57:39,126 root         WARNING  GET http://localhost:8000/openapi.json: 200 [(b'content-length', b'27613'), (b'content-type', b'application/json'), (b'x-process-time', b'0.0026154518127441406')] 
2024-11-11 19:57:39,126 root         WARNING  GET http://localhost:8000/openapi.json: 200 [(b'content-length', b'27613'), (b'content-type', b'application/json'), (b'x-process-time', b'0.0026154518127441406')] 
2024-11-11 19:57:39,126 root         WARNING  GET http://localhost:8000/openapi.json: 200 [(b'content-length', b'27613'), (b'content-type', b'application/json'), (b'x-process-time', b'0.0026154518127441406')] 
2024-11-11 19:57:39,126 root         WARNING  GET http://localhost:8000/openapi.json: 200 [(b'content-length', b'27613'), (b'content-type', b'application/json'), (b'x-process-time', b'0.0026154518127441406')] 
2024-11-11 19:57:43,369 root         WARNING  POST http://localhost:8000/migrate-sql-file/?file=C%3A%5CUsers%5Cuser%5CGI-KACE%20PROJECTS%5COTHER%20PROJECTS%5COTHER%20PROJECTS%5CElection-API-App%5Cdb%5Caiti_schema.sql: 500 [(b'content-length', b'158'), (b'content-type', b'application/json'), (b'access-control-allow-origin', b'http://localhost:8000'), (b'access-control-allow-credentials', b'true'), (b'vary', b'Origin'), (b'x-process-time', b'0.2977011203765869')] 
2024-11-11 19:57:43,369 root         WARNING  POST http://localhost:8000/migrate-sql-file/?file=C%3A%5CUsers%5Cuser%5CGI-KACE%20PROJECTS%5COTHER%20PROJECTS%5COTHER%20PROJECTS%5CElection-API-App%5Cdb%5Caiti_schema.sql: 500 [(b'content-length', b'158'), (b'content-type', b'application/json'), (b'access-control-allow-origin', b'http://localhost:8000'), (b'access-control-allow-credentials', b'true'), (b'vary', b'Origin'), (b'x-process-time', b'0.2977011203765869')] 
2024-11-11 19:57:43,369 root         WARNING  POST http://localhost:8000/migrate-sql-file/?file=C%3A%5CUsers%5Cuser%5CGI-KACE%20PROJECTS%5COTHER%20PROJECTS%5COTHER%20PROJECTS%5CElection-API-App%5Cdb%5Caiti_schema.sql: 500 [(b'content-length', b'158'), (b'content-type', b'application/json'), (b'access-control-allow-origin', b'http://localhost:8000'), (b'access-control-allow-credentials', b'true'), (b'vary', b'Origin'), (b'x-process-time', b'0.2977011203765869')] 
2024-11-11 19:57:43,369 root         WARNING  POST http://localhost:8000/migrate-sql-file/?file=C%3A%5CUsers%5Cuser%5CGI-KACE%20PROJECTS%5COTHER%20PROJECTS%5COTHER%20PROJECTS%5CElection-API-App%5Cdb%5Caiti_schema.sql: 500 [(b'content-length', b'158'), (b'content-type', b'application/json'), (b'access-control-allow-origin', b'http://localhost:8000'), (b'access-control-allow-credentials', b'true'), (b'vary', b'Origin'), (b'x-process-time', b'0.2977011203765869')] 
2024-11-11 19:57:43,369 root         WARNING  POST http://localhost:8000/migrate-sql-file/?file=C%3A%5CUsers%5Cuser%5CGI-KACE%20PROJECTS%5COTHER%20PROJECTS%5COTHER%20PROJECTS%5CElection-API-App%5Cdb%5Caiti_schema.sql: 500 [(b'content-length', b'158'), (b'content-type', b'application/json'), (b'access-control-allow-origin', b'http://localhost:8000'), (b'access-control-allow-credentials', b'true'), (b'vary', b'Origin'), (b'x-process-time', b'0.2977011203765869')] 
2024-11-11 19:57:43,369 root         WARNING  POST http://localhost:8000/migrate-sql-file/?file=C%3A%5CUsers%5Cuser%5CGI-KACE%20PROJECTS%5COTHER%20PROJECTS%5COTHER%20PROJECTS%5CElection-API-App%5Cdb%5Caiti_schema.sql: 500 [(b'content-length', b'158'), (b'content-type', b'application/json'), (b'access-control-allow-origin', b'http://localhost:8000'), (b'access-control-allow-credentials', b'true'), (b'vary', b'Origin'), (b'x-process-time', b'0.2977011203765869')] 
2024-11-11 19:58:48,003 root         WARNING  GET http://localhost:8000/api/docs: 200 [(b'content-length', b'939'), (b'content-type', b'text/html; charset=utf-8'), (b'x-process-time', b'0.0006206035614013672')] 
2024-11-11 19:58:48,150 root         WARNING  GET http://localhost:8000/openapi.json: 200 [(b'content-length', b'27156'), (b'content-type', b'application/json'), (b'x-process-time', b'0.02574753761291504')] 
2024-11-11 19:58:48,150 root         WARNING  GET http://localhost:8000/openapi.json: 200 [(b'content-length', b'27156'), (b'content-type', b'application/json'), (b'x-process-time', b'0.02574753761291504')] 
